<?xml version="1.0" encoding="UTF-8"?>
<!-- Generated by org.testng.reporters.JUnitReportReporter -->
<testsuite skipped="0" hostname="Vipul-PC" name="com.actitime.scripts.LoginTest" tests="2" failures="0" timestamp="19 May 2017 18:44:26 GMT" time="38.554" errors="0">
  <testcase name="validLoginTest" time="22.486" classname="com.actitime.scripts.LoginTest"/>
  <testcase name="invalidLoginTest" time="16.068" classname="com.actitime.scripts.LoginTest"/>
</testsuite> <!-- com.actitime.scripts.LoginTest -->
