<?xml version="1.0" encoding="UTF-8"?>
<!-- Generated by org.testng.reporters.JUnitReportReporter -->
<testsuite skipped="0" hostname="Vipul-PC" name="com.actitime.scripts.TaskTest" tests="2" failures="0" timestamp="19 May 2017 18:44:26 GMT" time="50.614" errors="0">
  <testcase name="deleteCustomerTest" time="23.963" classname="com.actitime.scripts.TaskTest"/>
  <testcase name="createCustomerTest" time="26.651" classname="com.actitime.scripts.TaskTest"/>
</testsuite> <!-- com.actitime.scripts.TaskTest -->
